<?xml version="1.0" encoding="UTF-8"?>
<!-- Generated by org.testng.reporters.JUnitXMLReporter -->
<testsuite ignored="0" hostname="DESKTOP-PUJJMK1" failures="1" tests="1" name="Load-Browser-Edge" time="0.005" errors="0" timestamp="2024-03-05T14:44:37 IST">
  <testcase classname="effigo.automate.tests.BasicTests" name="testAllFields" time="0.0">
    <failure type="org.testng.TestNGException" message="
Parameter &amp;apos;url&amp;apos; is required by @Test on method testAllFields but has not been marked @Optional or defined
in C:\Users\Rohit\eclipse-workspace\automate\test-suites\test.xml">
      <![CDATA[org.testng.TestNGException: 
Parameter 'url' is required by @Test on method testAllFields but has not been marked @Optional or defined
in C:\Users\Rohit\eclipse-workspace\automate\test-suites\test.xml
at java.base/java.util.ArrayList.forEach(ArrayList.java:1511)
... Removed 26 stack frames]]>
    </failure>
  </testcase> <!-- testAllFields -->
</testsuite> <!-- Load-Browser-Edge -->
