<?xml version="1.0" encoding="UTF-8"?>
<!-- Generated by org.testng.reporters.JUnitXMLReporter -->
<testsuite ignored="0" hostname="DESKTOP-PUJJMK1" failures="1" tests="1" name="check-data2" time="5.232" errors="0" timestamp="2024-03-07T10:48:04 IST">
  <testcase classname="effigo.automate.tests.ValidateResultsTest" name="validateFilterTest" time="5.227">
    <failure type="java.lang.IllegalArgumentException" message="Locator must be set">
      <![CDATA[java.lang.IllegalArgumentException: Locator must be set
at org.openqa.selenium.internal.Require.nonNull(Require.java:60)
at org.openqa.selenium.remote.RemoteWebDriver.findElement(RemoteWebDriver.java:348)
at org.openqa.selenium.support.ui.ExpectedConditions$6.apply(ExpectedConditions.java:171)
at org.openqa.selenium.support.ui.ExpectedConditions$6.apply(ExpectedConditions.java:168)
at org.openqa.selenium.support.ui.FluentWait.until(FluentWait.java:203)
at effigo.automate.common.utils.ElementAction.getTheElement(ElementAction.java:23)
at effigo.automate.common.utils.CheckForFields.findAllFields(CheckForFields.java:56)
at effigo.automate.PageObjectModel.ForAllFilters.enterValuesForEach(ForAllFilters.java:44)
at effigo.automate.PageObjectModel.DataValidation.validate(DataValidation.java:34)
at effigo.automate.tests.ValidateResultsTest.validateFilterTest(ValidateResultsTest.java:31)
at java.base/java.util.ArrayList.forEach(ArrayList.java:1511)
... Removed 27 stack frames]]>
    </failure>
  </testcase> <!-- validateFilterTest -->
</testsuite> <!-- check-data2 -->
