<?xml version="1.0" encoding="UTF-8"?>
<!-- Generated by org.testng.reporters.JUnitXMLReporter -->
<testsuite ignored="0" hostname="DESKTOP-PUJJMK1" failures="0" tests="1" name="Test" time="0.068" errors="0" timestamp="2024-03-12T10:32:55 IST">
  <testcase classname="com.scenario.automate.RestApiTest" name="@BeforeTest loadUp" time="0.012">
    <failure type="java.lang.NullPointerException">
      <![CDATA[java.lang.NullPointerException
at java.base/java.io.FileInputStream.<init>(FileInputStream.java:149)
at java.base/java.io.FileInputStream.<init>(FileInputStream.java:111)
at com.scenario.automate.RestApiTest.loadUp(RestApiTest.java:16)
... Removed 24 stack frames]]>
    </failure>
  </testcase> <!-- @BeforeTest loadUp -->
  <testcase classname="com.scenario.automate.RestApiTest" name="restApiTestOne" time="0.001">
    <skipped/>
  </testcase> <!-- restApiTestOne -->
</testsuite> <!-- Test -->
