<?xml version="1.0" encoding="UTF-8"?>
<testng-results ignored="0" total="5" passed="5" failed="0" skipped="0">
  <reporter-output>
  </reporter-output>
  <suite started-at="2024-03-11T16:18:34 IST" name="Suite" finished-at="2024-03-11T16:20:29 IST" duration-ms="115837">
    <groups>
    </groups>
    <test started-at="2024-03-11T16:18:34 IST" name="Test" finished-at="2024-03-11T16:20:29 IST" duration-ms="115837">
      <class name="com.scenario.automate.HandleAlertTests">
        <test-method is-config="true" signature="loadEverything()[pri:0, instance:com.scenario.automate.HandleAlertTests@27ce24aa]" started-at="2024-03-11T16:18:34 IST" name="loadEverything" finished-at="2024-03-11T16:18:47 IST" duration-ms="13786" status="PASS">
          <reporter-output>
          </reporter-output>
        </test-method> <!-- loadEverything -->
        <test-method signature="cancelAlertTest()[pri:0, instance:com.scenario.automate.HandleAlertTests@27ce24aa]" started-at="2024-03-11T16:18:47 IST" name="cancelAlertTest" finished-at="2024-03-11T16:18:58 IST" duration-ms="10269" status="PASS">
          <reporter-output>
          </reporter-output>
        </test-method> <!-- cancelAlertTest -->
        <test-method signature="handleAlertTest()[pri:0, instance:com.scenario.automate.HandleAlertTests@27ce24aa]" started-at="2024-03-11T16:18:58 IST" name="handleAlertTest" finished-at="2024-03-11T16:19:04 IST" duration-ms="5885" status="PASS">
          <reporter-output>
          </reporter-output>
        </test-method> <!-- handleAlertTest -->
        <test-method signature="sendAlertMessageTest()[pri:0, instance:com.scenario.automate.HandleAlertTests@27ce24aa]" started-at="2024-03-11T16:19:04 IST" name="sendAlertMessageTest" finished-at="2024-03-11T16:19:14 IST" duration-ms="10607" status="PASS">
          <reporter-output>
          </reporter-output>
        </test-method> <!-- sendAlertMessageTest -->
        <test-method signature="testClosePopUp()[pri:0, instance:com.scenario.automate.HandleAlertTests@27ce24aa]" started-at="2024-03-11T16:19:14 IST" name="testClosePopUp" finished-at="2024-03-11T16:20:06 IST" duration-ms="51959" status="PASS">
          <reporter-output>
          </reporter-output>
        </test-method> <!-- testClosePopUp -->
        <test-method signature="testModalOpenAndClose()[pri:0, instance:com.scenario.automate.HandleAlertTests@27ce24aa]" started-at="2024-03-11T16:20:06 IST" name="testModalOpenAndClose" finished-at="2024-03-11T16:20:29 IST" duration-ms="22827" status="PASS">
          <reporter-output>
          </reporter-output>
        </test-method> <!-- testModalOpenAndClose -->
        <test-method is-config="true" signature="closeAll()[pri:0, instance:com.scenario.automate.HandleAlertTests@27ce24aa]" started-at="2024-03-11T16:20:29 IST" name="closeAll" finished-at="2024-03-11T16:20:29 IST" duration-ms="456" status="PASS">
          <reporter-output>
          </reporter-output>
        </test-method> <!-- closeAll -->
      </class> <!-- com.scenario.automate.HandleAlertTests -->
    </test> <!-- Test -->
  </suite> <!-- Suite -->
</testng-results>
