<?xml version="1.0" encoding="UTF-8"?>
<testsuite xmlns:xsi="http://www.w3.org/2001/XMLSchema-instance" xsi:noNamespaceSchemaLocation="https://maven.apache.org/surefire/maven-surefire-plugin/xsd/surefire-test-report.xsd" name="TestSuite" time="5.778" tests="4" errors="0" skipped="0" failures="3">
  <properties>
[...]
</properties>
  <testcase name="testAllFields" classname="effigo.automate.tests.BasicTests" time="3.653">
    <failure message="&#10;Parameter &apos;browser&apos; is required by @Test on method testAllFields but has not been marked @Optional or defined&#10;" type="org.testng.TestNGException">org.testng.TestNGException: 

Parameter 'browser' is required by @Test on method testAllFields but has not been marked @Optional or defined

</failure>
    <system-out><![CDATA[This one is working first
This was second
]]></system-out>
    <system-err><![CDATA[[main] INFO io.github.bonigarcia.wdm.WebDriverManager - Using geckodriver 0.34.0 (resolved driver for Firefox 123)
[main] INFO io.github.bonigarcia.wdm.WebDriverManager - Exporting webdriver.gecko.driver as C:\Users\Rohit\.cache\selenium\geckodriver\win64\0.34.0\geckodriver.exe
]]></system-err>
  </testcase>
  <testcase name="testBasicApiCall" classname="effigo.automate.tests.CurlWithLambdaTest" time="1.071"/>
  <testcase name="testFilter" classname="effigo.automate.tests.FilterTest" time="1.073">
    <failure message="&#10;Parameter &apos;browser&apos; is required by @Test on method testFilter but has not been marked @Optional or defined&#10;" type="org.testng.TestNGException">org.testng.TestNGException: 

Parameter 'browser' is required by @Test on method testFilter but has not been marked @Optional or defined

</failure>
  </testcase>
  <testcase name="validateFilterTest" classname="effigo.automate.tests.ValidateResultsTest" time="1.074">
    <failure message="&#10;Parameter &apos;browser&apos; is required by @Test on method validateFilterTest but has not been marked @Optional or defined&#10;" type="org.testng.TestNGException">org.testng.TestNGException: 

Parameter 'browser' is required by @Test on method validateFilterTest but has not been marked @Optional or defined

</failure>
  </testcase>
</testsuite>