<?xml version="1.0" encoding="UTF-8"?>
<!-- Generated by org.testng.reporters.JUnitXMLReporter -->
<testsuite ignored="0" hostname="DESKTOP-PUJJMK1" failures="1" tests="1" name="filter-test-all" time="3.243" errors="0" timestamp="2024-03-07T14:55:12 IST">
  <testcase classname="effigo.automate.tests.FilterTest" name="testFilter" time="2.41">
    <failure type="java.lang.IndexOutOfBoundsException" message="Index 1 out of bounds for length 1">
      <![CDATA[java.lang.IndexOutOfBoundsException: Index 1 out of bounds for length 1
at java.base/jdk.internal.util.Preconditions.outOfBounds(Preconditions.java:64)
at java.base/jdk.internal.util.Preconditions.outOfBoundsCheckIndex(Preconditions.java:70)
at java.base/jdk.internal.util.Preconditions.checkIndex(Preconditions.java:266)
at java.base/java.util.Objects.checkIndex(Objects.java:359)
at java.base/java.util.ArrayList.get(ArrayList.java:427)
at effigo.automate.PageObjectModel.FilterCompare.validateAllFilterAndValues(FilterCompare.java:12)
at effigo.automate.tests.FilterTest.testFilter(FilterTest.java:12)
at java.base/java.util.ArrayList.forEach(ArrayList.java:1511)
... Removed 27 stack frames]]>
    </failure>
  </testcase> <!-- testFilter -->
</testsuite> <!-- filter-test-all -->
