<?xml version="1.0" encoding="UTF-8"?>
<testng-results total="1" passed="1" failed="0" skipped="0">
  <reporter-output>
  </reporter-output>
  <suite started-at="2024-02-27T10:24:44Z" name="Default suite" finished-at="2024-02-27T10:24:44Z" duration-ms="189">
    <groups>
    </groups>
    <test started-at="2024-02-27T10:24:44Z" name="Default test" finished-at="2024-02-27T10:24:44Z" duration-ms="189">
      <class name="com.scenario.automate.RunOnlyFailedTests">
        <test-method signature="testRunOnlyTest()[pri:0, instance:com.scenario.automate.RunOnlyFailedTests@68c9d179]" started-at="2024-02-27T15:54:44Z" name="testRunOnlyTest" finished-at="2024-02-27T15:54:44Z" duration-ms="174" status="PASS">
          <reporter-output>
          </reporter-output>
        </test-method> <!-- testRunOnlyTest -->
      </class> <!-- com.scenario.automate.RunOnlyFailedTests -->
    </test> <!-- Default test -->
  </suite> <!-- Default suite -->
</testng-results>
