<?xml version="1.0" encoding="UTF-8"?>
<testng-results ignored="0" total="1" passed="1" failed="0" skipped="0">
  <reporter-output>
  </reporter-output>
  <suite started-at="2024-03-23T23:12:54 IST" name="Lambda-Tests" finished-at="2024-03-23T23:14:37 IST" duration-ms="102305">
    <groups>
    </groups>
    <test started-at="2024-03-23T23:12:54 IST" name="OrangeHrmTest" finished-at="2024-03-23T23:14:37 IST" duration-ms="102305">
      <class name="effigo.automate.tests.OrangeHrmTests">
        <test-method is-config="true" signature="setup()[pri:0, instance:effigo.automate.tests.OrangeHrmTests@1bb5a082]" started-at="2024-03-23T23:12:42 IST" name="setup" finished-at="2024-03-23T23:12:54 IST" duration-ms="12464" status="PASS">
          <reporter-output>
          </reporter-output>
        </test-method> <!-- setup -->
        <test-method signature="test()[pri:0, instance:effigo.automate.tests.OrangeHrmTests@1bb5a082]" started-at="2024-03-23T23:12:54 IST" name="test" finished-at="2024-03-23T23:14:36 IST" duration-ms="101168" status="PASS">
          <reporter-output>
          </reporter-output>
        </test-method> <!-- test -->
        <test-method is-config="true" signature="destroy()[pri:0, instance:effigo.automate.tests.OrangeHrmTests@1bb5a082]" started-at="2024-03-23T23:14:36 IST" name="destroy" finished-at="2024-03-23T23:14:37 IST" duration-ms="1101" status="PASS">
          <reporter-output>
          </reporter-output>
        </test-method> <!-- destroy -->
        <test-method is-config="true" signature="destroy()[pri:0, instance:effigo.automate.tests.OrangeHrmTests@1bb5a082]" started-at="2024-03-23T23:14:37 IST" name="destroy" finished-at="2024-03-23T23:14:37 IST" duration-ms="39" status="PASS">
          <reporter-output>
          </reporter-output>
        </test-method> <!-- destroy -->
      </class> <!-- effigo.automate.tests.OrangeHrmTests -->
    </test> <!-- OrangeHrmTest -->
  </suite> <!-- Lambda-Tests -->
</testng-results>
