<?xml version="1.0" encoding="UTF-8"?>
<!-- Generated by org.testng.reporters.JUnitXMLReporter -->
<testsuite ignored="0" hostname="DESKTOP-PUJJMK1" failures="1" tests="1" name="OrangeHrmTest" time="101.596" errors="0" timestamp="2024-03-22T15:44:35 IST">
  <testcase classname="effigo.automate.tests.OrangeHrmTests" name="test" time="100.539">
    <failure type="java.lang.IllegalArgumentException" message="Locator must be set">
      <![CDATA[java.lang.IllegalArgumentException: Locator must be set
at org.openqa.selenium.internal.Require.nonNull(Require.java:60)
at org.openqa.selenium.remote.RemoteWebDriver.findElement(RemoteWebDriver.java:348)
at org.openqa.selenium.support.ui.ExpectedConditions$6.apply(ExpectedConditions.java:171)
at org.openqa.selenium.support.ui.ExpectedConditions$6.apply(ExpectedConditions.java:168)
at org.openqa.selenium.support.ui.FluentWait.until(FluentWait.java:203)
at effigo.automate.common.utils.ElementAction.getTheElement(ElementAction.java:23)
at effigo.automate.PageObjectModel.OrangeHrmOperations.editUser(OrangeHrmOperations.java:222)
at effigo.automate.tests.OrangeHrmTests.test(OrangeHrmTests.java:15)
at java.base/java.util.ArrayList.forEach(ArrayList.java:1511)
at java.base/java.util.concurrent.FutureTask.run(FutureTask.java:264)
at java.base/java.util.concurrent.ThreadPoolExecutor.runWorker(ThreadPoolExecutor.java:1136)
at java.base/java.util.concurrent.ThreadPoolExecutor$Worker.run(ThreadPoolExecutor.java:635)
at java.base/java.lang.Thread.run(Thread.java:833)
... Removed 18 stack frames]]>
    </failure>
  </testcase> <!-- test -->
</testsuite> <!-- OrangeHrmTest -->
